0 info it worked if it ends with ok
1 verbose cli [ '/Users/heyimnick/.nvm/versions/node/v6.9.0/bin/node',
1 verbose cli   '/Users/heyimnick/.nvm/versions/node/v6.9.0/bin/npm',
1 verbose cli   'run',
1 verbose cli   'test.e2e' ]
2 info using npm@3.10.8
3 info using node@v6.9.0
4 verbose run-script [ 'pretest.e2e', 'test.e2e', 'posttest.e2e' ]
5 info lifecycle yimovi@1.0.0~pretest.e2e: yimovi@1.0.0
6 silly lifecycle yimovi@1.0.0~pretest.e2e: no script for pretest.e2e, continuing
7 info lifecycle yimovi@1.0.0~test.e2e: yimovi@1.0.0
8 verbose lifecycle yimovi@1.0.0~test.e2e: unsafe-perm in lifecycle true
9 verbose lifecycle yimovi@1.0.0~test.e2e: PATH: /Users/heyimnick/.nvm/versions/node/v6.9.0/lib/node_modules/npm/bin/node-gyp-bin:/Users/heyimnick/Documents/Web Development/keystone/YiMovi/node_modules/.bin:/Users/heyimnick/.nvm/versions/node/v6.9.0/bin:/opt/local/bin:/opt/local/sbin:/usr/local/bin:/usr/bin:/bin:/usr/sbin:/sbin:/opt/X11/bin:/Users/heyimnick/.nvm/versions/node/v6.9.0/bin
10 verbose lifecycle yimovi@1.0.0~test.e2e: CWD: /Users/heyimnick/Documents/Web Development/keystone/YiMovi
11 silly lifecycle yimovi@1.0.0~test.e2e: Args: [ '-c', 'node web.js; node_modules/.bin/nightwatch' ]
12 silly lifecycle yimovi@1.0.0~test.e2e: Returned: code: 1  signal: null
13 info lifecycle yimovi@1.0.0~test.e2e: Failed to exec test.e2e script
14 verbose stack Error: yimovi@1.0.0 test.e2e: `node web.js; node_modules/.bin/nightwatch`
14 verbose stack Exit status 1
14 verbose stack     at EventEmitter.<anonymous> (/Users/heyimnick/.nvm/versions/node/v6.9.0/lib/node_modules/npm/lib/utils/lifecycle.js:255:16)
14 verbose stack     at emitTwo (events.js:106:13)
14 verbose stack     at EventEmitter.emit (events.js:191:7)
14 verbose stack     at ChildProcess.<anonymous> (/Users/heyimnick/.nvm/versions/node/v6.9.0/lib/node_modules/npm/lib/utils/spawn.js:40:14)
14 verbose stack     at emitTwo (events.js:106:13)
14 verbose stack     at ChildProcess.emit (events.js:191:7)
14 verbose stack     at maybeClose (internal/child_process.js:877:16)
14 verbose stack     at Process.ChildProcess._handle.onexit (internal/child_process.js:226:5)
15 verbose pkgid yimovi@1.0.0
16 verbose cwd /Users/heyimnick/Documents/Web Development/keystone/YiMovi
17 error Darwin 14.5.0
18 error argv "/Users/heyimnick/.nvm/versions/node/v6.9.0/bin/node" "/Users/heyimnick/.nvm/versions/node/v6.9.0/bin/npm" "run" "test.e2e"
19 error node v6.9.0
20 error npm  v3.10.8
21 error code ELIFECYCLE
22 error yimovi@1.0.0 test.e2e: `node web.js; node_modules/.bin/nightwatch`
22 error Exit status 1
23 error Failed at the yimovi@1.0.0 test.e2e script 'node web.js; node_modules/.bin/nightwatch'.
23 error Make sure you have the latest version of node.js and npm installed.
23 error If you do, this is most likely a problem with the yimovi package,
23 error not with npm itself.
23 error Tell the author that this fails on your system:
23 error     node web.js; node_modules/.bin/nightwatch
23 error You can get information on how to open an issue for this project with:
23 error     npm bugs yimovi
23 error Or if that isn't available, you can get their info via:
23 error     npm owner ls yimovi
23 error There is likely additional logging output above.
24 verbose exit [ 1, true ]
